<?xml version="1.0" encoding="UTF-8"?>
<testng-results ignored="0" total="8" passed="6" failed="2" skipped="0">
  <reporter-output>
  </reporter-output>
  <suite started-at="2021-05-05T19:47:03 CEST" name="Surefire suite" finished-at="2021-05-05T19:49:53 CEST" duration-ms="169281">
    <groups>
    </groups>
    <test started-at="2021-05-05T19:47:03 CEST" name="Surefire test" finished-at="2021-05-05T19:49:53 CEST" duration-ms="169281">
      <class name="tests.FailedRegistrationTests">
        <test-method is-config="true" signature="beforeMethod()[pri:0, instance:tests.FailedRegistrationTests@6302bbb1]" started-at="2021-05-05T19:47:55 CEST" name="beforeMethod" finished-at="2021-05-05T19:47:56 CEST" duration-ms="1189" status="PASS">
          <reporter-output>
          </reporter-output>
        </test-method> <!-- beforeMethod -->
        <test-method signature="asUserProvideIncorrectAlreadyRegisteredEmailForRegistrationFirstStep()[pri:0, instance:tests.FailedRegistrationTests@6302bbb1]" started-at="2021-05-05T19:47:56 CEST" name="asUserProvideIncorrectAlreadyRegisteredEmailForRegistrationFirstStep" finished-at="2021-05-05T19:48:14 CEST" duration-ms="17595" status="PASS">
          <reporter-output>
          </reporter-output>
        </test-method> <!-- asUserProvideIncorrectAlreadyRegisteredEmailForRegistrationFirstStep -->
        <test-method is-config="true" signature="afterMethod()[pri:0, instance:tests.FailedRegistrationTests@6302bbb1]" started-at="2021-05-05T19:48:14 CEST" name="afterMethod" finished-at="2021-05-05T19:48:14 CEST" duration-ms="678" status="PASS">
          <reporter-output>
          </reporter-output>
        </test-method> <!-- afterMethod -->
      </class> <!-- tests.FailedRegistrationTests -->
      <class name="tests.PositiveLoginTests">
        <test-method is-config="true" signature="beforeMethod()[pri:0, instance:tests.PositiveLoginTests@31304f14]" started-at="2021-05-05T19:48:14 CEST" name="beforeMethod" finished-at="2021-05-05T19:48:16 CEST" duration-ms="1181" status="PASS">
          <reporter-output>
          </reporter-output>
        </test-method> <!-- beforeMethod -->
        <test-method signature="asUserLoginUsingValidEmailAndPassword()[pri:0, instance:tests.PositiveLoginTests@31304f14]" started-at="2021-05-05T19:48:16 CEST" name="asUserLoginUsingValidEmailAndPassword" finished-at="2021-05-05T19:48:39 CEST" duration-ms="23184" status="PASS">
          <reporter-output>
          </reporter-output>
        </test-method> <!-- asUserLoginUsingValidEmailAndPassword -->
        <test-method is-config="true" signature="afterMethod()[pri:0, instance:tests.PositiveLoginTests@31304f14]" started-at="2021-05-05T19:48:39 CEST" name="afterMethod" finished-at="2021-05-05T19:48:39 CEST" duration-ms="692" status="PASS">
          <reporter-output>
          </reporter-output>
        </test-method> <!-- afterMethod -->
      </class> <!-- tests.PositiveLoginTests -->
      <class name="tests.PositiveOrderTests">
        <test-method is-config="true" signature="beforeMethod()[pri:0, instance:tests.PositiveOrderTests@34a3d150]" started-at="2021-05-05T19:48:39 CEST" name="beforeMethod" finished-at="2021-05-05T19:48:41 CEST" duration-ms="1168" status="PASS">
          <reporter-output>
          </reporter-output>
        </test-method> <!-- beforeMethod -->
        <test-method signature="asLoggedInUserMakeSuccessfulOrder()[pri:0, instance:tests.PositiveOrderTests@34a3d150]" started-at="2021-05-05T19:48:41 CEST" name="asLoggedInUserMakeSuccessfulOrder" finished-at="2021-05-05T19:49:14 CEST" duration-ms="33939" status="FAIL">
          <exception class="org.openqa.selenium.TimeoutException">
            <message>
              <![CDATA[Expected condition failed: waiting for element to be clickable: Proxy element for: DefaultElementLocator 'By.xpath: (//*[@class="product_img_link"])[1]' (tried for 10 second(s) with 500 milliseconds interval)]]>
            </message>
            <full-stacktrace>
              <![CDATA[org.openqa.selenium.TimeoutException: Expected condition failed: waiting for element to be clickable: Proxy element for: DefaultElementLocator 'By.xpath: (//*[@class="product_img_link"])[1]' (tried for 10 second(s) with 500 milliseconds interval)
at org.openqa.selenium.support.ui.WebDriverWait.timeoutException(WebDriverWait.java:95)
at org.openqa.selenium.support.ui.FluentWait.until(FluentWait.java:272)
at waits.WaitForElement.waitUntilElementIsClickable(WaitForElement.java:23)
at page.objects.product.overview.ProductListPage.clickFirstProduct(ProductListPage.java:23)
at tests.PositiveOrderTests.asLoggedInUserMakeSuccessfulOrder(PositiveOrderTests.java:26)
at java.base/jdk.internal.reflect.NativeMethodAccessorImpl.invoke0(Native Method)
at java.base/jdk.internal.reflect.NativeMethodAccessorImpl.invoke(NativeMethodAccessorImpl.java:62)
at java.base/jdk.internal.reflect.DelegatingMethodAccessorImpl.invoke(DelegatingMethodAccessorImpl.java:43)
at java.base/java.lang.reflect.Method.invoke(Method.java:566)
at org.testng.internal.MethodInvocationHelper.invokeMethod(MethodInvocationHelper.java:133)
at org.testng.internal.TestInvoker.invokeMethod(TestInvoker.java:584)
at org.testng.internal.TestInvoker.invokeTestMethod(TestInvoker.java:172)
at org.testng.internal.MethodRunner.runInSequence(MethodRunner.java:46)
at org.testng.internal.TestInvoker$MethodInvocationAgent.invoke(TestInvoker.java:804)
at org.testng.internal.TestInvoker.invokeTestMethods(TestInvoker.java:145)
at org.testng.internal.TestMethodWorker.invokeTestMethods(TestMethodWorker.java:146)
at org.testng.internal.TestMethodWorker.run(TestMethodWorker.java:128)
at java.base/java.util.ArrayList.forEach(ArrayList.java:1540)
at org.testng.TestRunner.privateRun(TestRunner.java:770)
at org.testng.TestRunner.run(TestRunner.java:591)
at org.testng.SuiteRunner.runTest(SuiteRunner.java:402)
at org.testng.SuiteRunner.runSequentially(SuiteRunner.java:396)
at org.testng.SuiteRunner.privateRun(SuiteRunner.java:355)
at org.testng.SuiteRunner.run(SuiteRunner.java:304)
at org.testng.SuiteRunnerWorker.runSuite(SuiteRunnerWorker.java:53)
at org.testng.SuiteRunnerWorker.run(SuiteRunnerWorker.java:96)
at org.testng.TestNG.runSuitesSequentially(TestNG.java:1180)
at org.testng.TestNG.runSuitesLocally(TestNG.java:1102)
at org.testng.TestNG.runSuites(TestNG.java:1032)
at org.testng.TestNG.run(TestNG.java:1000)
at org.apache.maven.surefire.testng.TestNGExecutor.run(TestNGExecutor.java:136)
at org.apache.maven.surefire.testng.TestNGDirectoryTestSuite.executeMulti(TestNGDirectoryTestSuite.java:193)
at org.apache.maven.surefire.testng.TestNGDirectoryTestSuite.execute(TestNGDirectoryTestSuite.java:94)
at org.apache.maven.surefire.testng.TestNGProvider.invoke(TestNGProvider.java:145)
at org.apache.maven.surefire.booter.ForkedBooter.runSuitesInProcess(ForkedBooter.java:428)
at org.apache.maven.surefire.booter.ForkedBooter.execute(ForkedBooter.java:162)
at org.apache.maven.surefire.booter.ForkedBooter.run(ForkedBooter.java:562)
at org.apache.maven.surefire.booter.ForkedBooter.main(ForkedBooter.java:548)
Caused by: org.openqa.selenium.NoSuchElementException: no such element: Unable to locate element: {"method":"xpath","selector":"(//*[@class="product_img_link"])[1]"}
  (Session info: chrome=90.0.4430.93)
For documentation on this error, please visit: https://www.seleniumhq.org/exceptions/no_such_element.html
Build info: version: '3.141.59', revision: 'e82be7d358', time: '2018-11-14T08:17:03'
System info: host: 'MINIONEK', ip: '192.168.0.80', os.name: 'Windows 10', os.arch: 'amd64', os.version: '10.0', java.version: '11.0.2'
Driver info: org.openqa.selenium.chrome.ChromeDriver
Capabilities {acceptInsecureCerts: false, browserName: chrome, browserVersion: 90.0.4430.93, chrome: {chromedriverVersion: 90.0.4430.24 (4c6d850f087da..., userDataDir: C:\Users\monikaj\AppData\Lo...}, goog:chromeOptions: {debuggerAddress: localhost:54587}, javascriptEnabled: true, networkConnectionEnabled: false, pageLoadStrategy: normal, platform: WINDOWS, platformName: WINDOWS, proxy: Proxy(), setWindowRect: true, strictFileInteractability: false, timeouts: {implicit: 0, pageLoad: 300000, script: 30000}, unhandledPromptBehavior: dismiss and notify, webauthn:extension:largeBlob: true, webauthn:virtualAuthenticators: true}
Session ID: 30d66d9cbf3d58b8585693094eb94602
*** Element info: {Using=xpath, value=(//*[@class="product_img_link"])[1]}
at jdk.internal.reflect.GeneratedConstructorAccessor16.newInstance(Unknown Source)
at java.base/jdk.internal.reflect.DelegatingConstructorAccessorImpl.newInstance(DelegatingConstructorAccessorImpl.java:45)
at java.base/java.lang.reflect.Constructor.newInstance(Constructor.java:490)
at org.openqa.selenium.remote.http.W3CHttpResponseCodec.createException(W3CHttpResponseCodec.java:187)
at org.openqa.selenium.remote.http.W3CHttpResponseCodec.decode(W3CHttpResponseCodec.java:122)
at org.openqa.selenium.remote.http.W3CHttpResponseCodec.decode(W3CHttpResponseCodec.java:49)
at org.openqa.selenium.remote.HttpCommandExecutor.execute(HttpCommandExecutor.java:158)
at org.openqa.selenium.remote.service.DriverCommandExecutor.execute(DriverCommandExecutor.java:83)
at org.openqa.selenium.remote.RemoteWebDriver.execute(RemoteWebDriver.java:552)
at org.openqa.selenium.remote.RemoteWebDriver.findElement(RemoteWebDriver.java:323)
at org.openqa.selenium.remote.RemoteWebDriver.findElementByXPath(RemoteWebDriver.java:428)
at org.openqa.selenium.By$ByXPath.findElement(By.java:353)
at org.openqa.selenium.remote.RemoteWebDriver.findElement(RemoteWebDriver.java:315)
at org.openqa.selenium.support.pagefactory.DefaultElementLocator.findElement(DefaultElementLocator.java:69)
at org.openqa.selenium.support.pagefactory.internal.LocatingElementHandler.invoke(LocatingElementHandler.java:38)
at com.sun.proxy.$Proxy23.isDisplayed(Unknown Source)
at org.openqa.selenium.support.ui.ExpectedConditions.elementIfVisible(ExpectedConditions.java:314)
at org.openqa.selenium.support.ui.ExpectedConditions.access$000(ExpectedConditions.java:43)
at org.openqa.selenium.support.ui.ExpectedConditions$10.apply(ExpectedConditions.java:300)
at org.openqa.selenium.support.ui.ExpectedConditions$10.apply(ExpectedConditions.java:297)
at org.openqa.selenium.support.ui.ExpectedConditions$23.apply(ExpectedConditions.java:670)
at org.openqa.selenium.support.ui.ExpectedConditions$23.apply(ExpectedConditions.java:666)
at org.openqa.selenium.support.ui.FluentWait.until(FluentWait.java:249)
... 36 more
]]>
            </full-stacktrace>
          </exception> <!-- org.openqa.selenium.TimeoutException -->
          <reporter-output>
          </reporter-output>
        </test-method> <!-- asLoggedInUserMakeSuccessfulOrder -->
        <test-method is-config="true" signature="afterMethod()[pri:0, instance:tests.PositiveOrderTests@34a3d150]" started-at="2021-05-05T19:49:14 CEST" name="afterMethod" finished-at="2021-05-05T19:49:15 CEST" duration-ms="720" status="PASS">
          <reporter-output>
          </reporter-output>
        </test-method> <!-- afterMethod -->
      </class> <!-- tests.PositiveOrderTests -->
      <class name="tests.PositiveRegistrationTests">
        <test-method is-config="true" signature="beforeMethod()[pri:0, instance:tests.PositiveRegistrationTests@2a4fb17b]" started-at="2021-05-05T19:49:15 CEST" name="beforeMethod" finished-at="2021-05-05T19:49:16 CEST" duration-ms="1211" status="PASS">
          <reporter-output>
          </reporter-output>
        </test-method> <!-- beforeMethod -->
        <test-method signature="asUserProvideCorrectNonRegisteredEmailForRegistrationFirstStep()[pri:0, instance:tests.PositiveRegistrationTests@2a4fb17b]" started-at="2021-05-05T19:49:16 CEST" name="asUserProvideCorrectNonRegisteredEmailForRegistrationFirstStep" finished-at="2021-05-05T19:49:35 CEST" duration-ms="18963" status="PASS">
          <reporter-output>
          </reporter-output>
        </test-method> <!-- asUserProvideCorrectNonRegisteredEmailForRegistrationFirstStep -->
        <test-method is-config="true" signature="afterMethod()[pri:0, instance:tests.PositiveRegistrationTests@2a4fb17b]" started-at="2021-05-05T19:49:35 CEST" name="afterMethod" finished-at="2021-05-05T19:49:36 CEST" duration-ms="707" status="PASS">
          <reporter-output>
          </reporter-output>
        </test-method> <!-- afterMethod -->
        <test-method is-config="true" signature="beforeMethod()[pri:0, instance:tests.PositiveRegistrationTests@2a4fb17b]" started-at="2021-05-05T19:49:36 CEST" name="beforeMethod" finished-at="2021-05-05T19:49:37 CEST" duration-ms="1210" status="PASS">
          <reporter-output>
          </reporter-output>
        </test-method> <!-- beforeMethod -->
        <test-method signature="asUserRegisterUsingCorrectRegistrationData()[pri:0, instance:tests.PositiveRegistrationTests@2a4fb17b]" started-at="2021-05-05T19:49:37 CEST" name="asUserRegisterUsingCorrectRegistrationData" finished-at="2021-05-05T19:49:52 CEST" duration-ms="14701" status="FAIL">
          <exception class="org.openqa.selenium.TimeoutException">
            <message>
              <![CDATA[Expected condition failed: waiting for visibility of Proxy element for: DefaultElementLocator 'By.id: account-creation_form' (tried for 10 second(s) with 500 milliseconds interval)]]>
            </message>
            <full-stacktrace>
              <![CDATA[org.openqa.selenium.TimeoutException: Expected condition failed: waiting for visibility of Proxy element for: DefaultElementLocator 'By.id: account-creation_form' (tried for 10 second(s) with 500 milliseconds interval)
at org.openqa.selenium.support.ui.WebDriverWait.timeoutException(WebDriverWait.java:95)
at org.openqa.selenium.support.ui.FluentWait.until(FluentWait.java:272)
at waits.WaitForElement.waitUntilElementIsVisible(WaitForElement.java:18)
at page.objects.registration.RegistrationFormSecondStepPage.waitUntilPageIsLoaded(RegistrationFormSecondStepPage.java:114)
at tests.PositiveRegistrationTests.asUserRegisterUsingCorrectRegistrationData(PositiveRegistrationTests.java:40)
at java.base/jdk.internal.reflect.NativeMethodAccessorImpl.invoke0(Native Method)
at java.base/jdk.internal.reflect.NativeMethodAccessorImpl.invoke(NativeMethodAccessorImpl.java:62)
at java.base/jdk.internal.reflect.DelegatingMethodAccessorImpl.invoke(DelegatingMethodAccessorImpl.java:43)
at java.base/java.lang.reflect.Method.invoke(Method.java:566)
at org.testng.internal.MethodInvocationHelper.invokeMethod(MethodInvocationHelper.java:133)
at org.testng.internal.TestInvoker.invokeMethod(TestInvoker.java:584)
at org.testng.internal.TestInvoker.invokeTestMethod(TestInvoker.java:172)
at org.testng.internal.MethodRunner.runInSequence(MethodRunner.java:46)
at org.testng.internal.TestInvoker$MethodInvocationAgent.invoke(TestInvoker.java:804)
at org.testng.internal.TestInvoker.invokeTestMethods(TestInvoker.java:145)
at org.testng.internal.TestMethodWorker.invokeTestMethods(TestMethodWorker.java:146)
at org.testng.internal.TestMethodWorker.run(TestMethodWorker.java:128)
at java.base/java.util.ArrayList.forEach(ArrayList.java:1540)
at org.testng.TestRunner.privateRun(TestRunner.java:770)
at org.testng.TestRunner.run(TestRunner.java:591)
at org.testng.SuiteRunner.runTest(SuiteRunner.java:402)
at org.testng.SuiteRunner.runSequentially(SuiteRunner.java:396)
at org.testng.SuiteRunner.privateRun(SuiteRunner.java:355)
at org.testng.SuiteRunner.run(SuiteRunner.java:304)
at org.testng.SuiteRunnerWorker.runSuite(SuiteRunnerWorker.java:53)
at org.testng.SuiteRunnerWorker.run(SuiteRunnerWorker.java:96)
at org.testng.TestNG.runSuitesSequentially(TestNG.java:1180)
at org.testng.TestNG.runSuitesLocally(TestNG.java:1102)
at org.testng.TestNG.runSuites(TestNG.java:1032)
at org.testng.TestNG.run(TestNG.java:1000)
at org.apache.maven.surefire.testng.TestNGExecutor.run(TestNGExecutor.java:136)
at org.apache.maven.surefire.testng.TestNGDirectoryTestSuite.executeMulti(TestNGDirectoryTestSuite.java:193)
at org.apache.maven.surefire.testng.TestNGDirectoryTestSuite.execute(TestNGDirectoryTestSuite.java:94)
at org.apache.maven.surefire.testng.TestNGProvider.invoke(TestNGProvider.java:145)
at org.apache.maven.surefire.booter.ForkedBooter.runSuitesInProcess(ForkedBooter.java:428)
at org.apache.maven.surefire.booter.ForkedBooter.execute(ForkedBooter.java:162)
at org.apache.maven.surefire.booter.ForkedBooter.run(ForkedBooter.java:562)
at org.apache.maven.surefire.booter.ForkedBooter.main(ForkedBooter.java:548)
Caused by: org.openqa.selenium.NoSuchElementException: no such element: Unable to locate element: {"method":"css selector","selector":"#account\-creation_form"}
  (Session info: chrome=90.0.4430.93)
For documentation on this error, please visit: https://www.seleniumhq.org/exceptions/no_such_element.html
Build info: version: '3.141.59', revision: 'e82be7d358', time: '2018-11-14T08:17:03'
System info: host: 'MINIONEK', ip: '192.168.0.80', os.name: 'Windows 10', os.arch: 'amd64', os.version: '10.0', java.version: '11.0.2'
Driver info: org.openqa.selenium.chrome.ChromeDriver
Capabilities {acceptInsecureCerts: false, browserName: chrome, browserVersion: 90.0.4430.93, chrome: {chromedriverVersion: 90.0.4430.24 (4c6d850f087da..., userDataDir: C:\Users\monikaj\AppData\Lo...}, goog:chromeOptions: {debuggerAddress: localhost:54648}, javascriptEnabled: true, networkConnectionEnabled: false, pageLoadStrategy: normal, platform: WINDOWS, platformName: WINDOWS, proxy: Proxy(), setWindowRect: true, strictFileInteractability: false, timeouts: {implicit: 0, pageLoad: 300000, script: 30000}, unhandledPromptBehavior: dismiss and notify, webauthn:extension:largeBlob: true, webauthn:virtualAuthenticators: true}
Session ID: c980e8e4cd1470a3057029b5b8891042
*** Element info: {Using=id, value=account-creation_form}
at jdk.internal.reflect.GeneratedConstructorAccessor16.newInstance(Unknown Source)
at java.base/jdk.internal.reflect.DelegatingConstructorAccessorImpl.newInstance(DelegatingConstructorAccessorImpl.java:45)
at java.base/java.lang.reflect.Constructor.newInstance(Constructor.java:490)
at org.openqa.selenium.remote.http.W3CHttpResponseCodec.createException(W3CHttpResponseCodec.java:187)
at org.openqa.selenium.remote.http.W3CHttpResponseCodec.decode(W3CHttpResponseCodec.java:122)
at org.openqa.selenium.remote.http.W3CHttpResponseCodec.decode(W3CHttpResponseCodec.java:49)
at org.openqa.selenium.remote.HttpCommandExecutor.execute(HttpCommandExecutor.java:158)
at org.openqa.selenium.remote.service.DriverCommandExecutor.execute(DriverCommandExecutor.java:83)
at org.openqa.selenium.remote.RemoteWebDriver.execute(RemoteWebDriver.java:552)
at org.openqa.selenium.remote.RemoteWebDriver.findElement(RemoteWebDriver.java:323)
at org.openqa.selenium.remote.RemoteWebDriver.findElementById(RemoteWebDriver.java:372)
at org.openqa.selenium.By$ById.findElement(By.java:188)
at org.openqa.selenium.remote.RemoteWebDriver.findElement(RemoteWebDriver.java:315)
at org.openqa.selenium.support.pagefactory.DefaultElementLocator.findElement(DefaultElementLocator.java:69)
at org.openqa.selenium.support.pagefactory.internal.LocatingElementHandler.invoke(LocatingElementHandler.java:38)
at com.sun.proxy.$Proxy23.isDisplayed(Unknown Source)
at org.openqa.selenium.support.ui.ExpectedConditions.elementIfVisible(ExpectedConditions.java:314)
at org.openqa.selenium.support.ui.ExpectedConditions.access$000(ExpectedConditions.java:43)
at org.openqa.selenium.support.ui.ExpectedConditions$10.apply(ExpectedConditions.java:300)
at org.openqa.selenium.support.ui.ExpectedConditions$10.apply(ExpectedConditions.java:297)
at org.openqa.selenium.support.ui.FluentWait.until(FluentWait.java:249)
... 36 more
]]>
            </full-stacktrace>
          </exception> <!-- org.openqa.selenium.TimeoutException -->
          <reporter-output>
          </reporter-output>
        </test-method> <!-- asUserRegisterUsingCorrectRegistrationData -->
        <test-method is-config="true" signature="afterMethod()[pri:0, instance:tests.PositiveRegistrationTests@2a4fb17b]" started-at="2021-05-05T19:49:52 CEST" name="afterMethod" finished-at="2021-05-05T19:49:53 CEST" duration-ms="718" status="PASS">
          <reporter-output>
          </reporter-output>
        </test-method> <!-- afterMethod -->
      </class> <!-- tests.PositiveRegistrationTests -->
      <class name="tests.FailedLoginTests">
        <test-method is-config="true" signature="beforeMethod()[pri:0, instance:tests.FailedLoginTests@4135c3b]" started-at="2021-05-05T19:47:03 CEST" name="beforeMethod" finished-at="2021-05-05T19:47:15 CEST" duration-ms="11887" status="PASS">
          <reporter-output>
          </reporter-output>
        </test-method> <!-- beforeMethod -->
        <test-method signature="asUserTryToLoginWithCorrectEmailAndInvalidPassword()[pri:0, instance:tests.FailedLoginTests@4135c3b]" started-at="2021-05-05T19:47:15 CEST" name="asUserTryToLoginWithCorrectEmailAndInvalidPassword" finished-at="2021-05-05T19:47:21 CEST" duration-ms="6066" status="PASS">
          <reporter-output>
          </reporter-output>
        </test-method> <!-- asUserTryToLoginWithCorrectEmailAndInvalidPassword -->
        <test-method is-config="true" signature="afterMethod()[pri:0, instance:tests.FailedLoginTests@4135c3b]" started-at="2021-05-05T19:47:21 CEST" name="afterMethod" finished-at="2021-05-05T19:47:22 CEST" duration-ms="681" status="PASS">
          <reporter-output>
          </reporter-output>
        </test-method> <!-- afterMethod -->
        <test-method is-config="true" signature="beforeMethod()[pri:0, instance:tests.FailedLoginTests@4135c3b]" started-at="2021-05-05T19:47:22 CEST" name="beforeMethod" finished-at="2021-05-05T19:47:32 CEST" duration-ms="9557" status="PASS">
          <reporter-output>
          </reporter-output>
        </test-method> <!-- beforeMethod -->
        <test-method signature="asUserTryToLoginWithInvalidEmailAndPassword()[pri:0, instance:tests.FailedLoginTests@4135c3b]" started-at="2021-05-05T19:47:32 CEST" name="asUserTryToLoginWithInvalidEmailAndPassword" finished-at="2021-05-05T19:47:35 CEST" duration-ms="3541" status="PASS">
          <reporter-output>
          </reporter-output>
        </test-method> <!-- asUserTryToLoginWithInvalidEmailAndPassword -->
        <test-method is-config="true" signature="afterMethod()[pri:0, instance:tests.FailedLoginTests@4135c3b]" started-at="2021-05-05T19:47:35 CEST" name="afterMethod" finished-at="2021-05-05T19:47:36 CEST" duration-ms="715" status="PASS">
          <reporter-output>
          </reporter-output>
        </test-method> <!-- afterMethod -->
        <test-method is-config="true" signature="beforeMethod()[pri:0, instance:tests.FailedLoginTests@4135c3b]" started-at="2021-05-05T19:47:36 CEST" name="beforeMethod" finished-at="2021-05-05T19:47:46 CEST" duration-ms="10476" status="PASS">
          <reporter-output>
          </reporter-output>
        </test-method> <!-- beforeMethod -->
        <test-method signature="asUserTryToLoginWithNoEmail()[pri:0, instance:tests.FailedLoginTests@4135c3b]" started-at="2021-05-05T19:47:46 CEST" name="asUserTryToLoginWithNoEmail" finished-at="2021-05-05T19:47:54 CEST" duration-ms="7732" status="PASS">
          <reporter-output>
          </reporter-output>
        </test-method> <!-- asUserTryToLoginWithNoEmail -->
        <test-method is-config="true" signature="afterMethod()[pri:0, instance:tests.FailedLoginTests@4135c3b]" started-at="2021-05-05T19:47:54 CEST" name="afterMethod" finished-at="2021-05-05T19:47:55 CEST" duration-ms="739" status="PASS">
          <reporter-output>
          </reporter-output>
        </test-method> <!-- afterMethod -->
      </class> <!-- tests.FailedLoginTests -->
    </test> <!-- Surefire test -->
  </suite> <!-- Surefire suite -->
</testng-results>
